{"C:\\Users\\Remes\\fs\\webbikalu\\app.js": {"path":"C:\\Users\\Remes\\fs\\webbikalu\\app.js","statementMap":{"0":{"start":{"line":1,"column":15},"end":{"line":1,"column":40}},"1":{"start":{"line":2,"column":16},"end":{"line":2,"column":34}},"2":{"start":{"line":3,"column":17},"end":{"line":3,"column":36}},"3":{"start":{"line":4,"column":12},"end":{"line":4,"column":21}},"4":{"start":{"line":5,"column":13},"end":{"line":5,"column":28}},"5":{"start":{"line":7,"column":22},"end":{"line":7,"column":56}},"6":{"start":{"line":8,"column":20},"end":{"line":8,"column":50}},"7":{"start":{"line":9,"column":20},"end":{"line":9,"column":50}},"8":{"start":{"line":11,"column":19},"end":{"line":11,"column":48}},"9":{"start":{"line":14,"column":0},"end":{"line":14,"column":34}},"10":{"start":{"line":17,"column":0},"end":{"line":17,"column":48}},"11":{"start":{"line":18,"column":0},"end":{"line":24,"column":3}},"12":{"start":{"line":20,"column":2},"end":{"line":20,"column":40}},"13":{"start":{"line":23,"column":2},"end":{"line":23,"column":64}},"14":{"start":{"line":26,"column":0},"end":{"line":26,"column":15}},"15":{"start":{"line":27,"column":0},"end":{"line":27,"column":31}},"16":{"start":{"line":28,"column":0},"end":{"line":28,"column":23}},"17":{"start":{"line":31,"column":0},"end":{"line":31,"column":33}},"18":{"start":{"line":34,"column":0},"end":{"line":34,"column":40}},"19":{"start":{"line":35,"column":0},"end":{"line":35,"column":34}},"20":{"start":{"line":36,"column":0},"end":{"line":36,"column":34}},"21":{"start":{"line":39,"column":0},"end":{"line":39,"column":32}},"22":{"start":{"line":40,"column":0},"end":{"line":40,"column":35}},"23":{"start":{"line":43,"column":0},"end":{"line":43,"column":20}}},"fnMap":{"0":{"name":"(anonymous_0)","decl":{"start":{"line":19,"column":7},"end":{"line":19,"column":8}},"loc":{"start":{"line":19,"column":13},"end":{"line":21,"column":2}},"line":19},"1":{"name":"(anonymous_1)","decl":{"start":{"line":22,"column":8},"end":{"line":22,"column":9}},"loc":{"start":{"line":22,"column":19},"end":{"line":24,"column":2}},"line":22}},"branchMap":{},"s":{"0":1,"1":1,"2":1,"3":1,"4":1,"5":1,"6":1,"7":1,"8":1,"9":1,"10":1,"11":1,"12":1,"13":0,"14":1,"15":1,"16":1,"17":1,"18":1,"19":1,"20":1,"21":1,"22":1,"23":1},"f":{"0":1,"1":0},"b":{},"_coverageSchema":"1a1c01bbd47fc00a2c39e90264f33305004495a9","hash":"b820c405690bc9d4237109e1ff6a5076e6d7f9e2"}
,"C:\\Users\\Remes\\fs\\webbikalu\\controllers\\kappaleet.js": {"path":"C:\\Users\\Remes\\fs\\webbikalu\\controllers\\kappaleet.js","statementMap":{"0":{"start":{"line":1,"column":22},"end":{"line":1,"column":49}},"1":{"start":{"line":2,"column":16},"end":{"line":2,"column":44}},"2":{"start":{"line":3,"column":13},"end":{"line":3,"column":38}},"3":{"start":{"line":4,"column":19},"end":{"line":4,"column":49}},"4":{"start":{"line":6,"column":12},"end":{"line":6,"column":35}},"5":{"start":{"line":9,"column":0},"end":{"line":15,"column":2}},"6":{"start":{"line":10,"column":1},"end":{"line":14,"column":4}},"7":{"start":{"line":13,"column":3},"end":{"line":13,"column":27}},"8":{"start":{"line":17,"column":0},"end":{"line":38,"column":2}},"9":{"start":{"line":18,"column":1},"end":{"line":37,"column":2}},"10":{"start":{"line":19,"column":15},"end":{"line":19,"column":27}},"11":{"start":{"line":20,"column":23},"end":{"line":20,"column":89}},"12":{"start":{"line":21,"column":2},"end":{"line":23,"column":3}},"13":{"start":{"line":22,"column":3},"end":{"line":22,"column":62}},"14":{"start":{"line":24,"column":15},"end":{"line":24,"column":51}},"15":{"start":{"line":26,"column":18},"end":{"line":32,"column":4}},"16":{"start":{"line":33,"column":23},"end":{"line":33,"column":43}},"17":{"start":{"line":34,"column":2},"end":{"line":34,"column":41}},"18":{"start":{"line":36,"column":2},"end":{"line":36,"column":58}},"19":{"start":{"line":40,"column":0},"end":{"line":40,"column":30}}},"fnMap":{"0":{"name":"(anonymous_0)","decl":{"start":{"line":9,"column":23},"end":{"line":9,"column":24}},"loc":{"start":{"line":9,"column":52},"end":{"line":15,"column":1}},"line":9},"1":{"name":"(anonymous_1)","decl":{"start":{"line":12,"column":8},"end":{"line":12,"column":9}},"loc":{"start":{"line":12,"column":21},"end":{"line":14,"column":3}},"line":12},"2":{"name":"(anonymous_2)","decl":{"start":{"line":17,"column":24},"end":{"line":17,"column":25}},"loc":{"start":{"line":17,"column":53},"end":{"line":38,"column":1}},"line":17}},"branchMap":{"0":{"loc":{"start":{"line":21,"column":2},"end":{"line":23,"column":3}},"type":"if","locations":[{"start":{"line":21,"column":2},"end":{"line":23,"column":3}},{"start":{},"end":{}}],"line":21}},"s":{"0":1,"1":1,"2":1,"3":1,"4":1,"5":1,"6":1,"7":1,"8":1,"9":0,"10":0,"11":0,"12":0,"13":0,"14":0,"15":0,"16":0,"17":0,"18":0,"19":1},"f":{"0":1,"1":1,"2":0},"b":{"0":[0,0]},"_coverageSchema":"1a1c01bbd47fc00a2c39e90264f33305004495a9","hash":"5b444edb77445e4ebdd731e0d9a1e511e1791c95"}
,"C:\\Users\\Remes\\fs\\webbikalu\\controllers\\login.js": {"path":"C:\\Users\\Remes\\fs\\webbikalu\\controllers\\login.js","statementMap":{"0":{"start":{"line":1,"column":12},"end":{"line":1,"column":35}},"1":{"start":{"line":2,"column":15},"end":{"line":2,"column":32}},"2":{"start":{"line":3,"column":20},"end":{"line":3,"column":47}},"3":{"start":{"line":4,"column":13},"end":{"line":4,"column":38}},"4":{"start":{"line":6,"column":0},"end":{"line":34,"column":2}},"5":{"start":{"line":7,"column":33},"end":{"line":7,"column":45}},"6":{"start":{"line":9,"column":15},"end":{"line":9,"column":47}},"7":{"start":{"line":10,"column":26},"end":{"line":12,"column":55}},"8":{"start":{"line":14,"column":2},"end":{"line":18,"column":3}},"9":{"start":{"line":15,"column":4},"end":{"line":17,"column":6}},"10":{"start":{"line":20,"column":23},"end":{"line":23,"column":3}},"11":{"start":{"line":25,"column":16},"end":{"line":29,"column":3}},"12":{"start":{"line":31,"column":3},"end":{"line":33,"column":62}},"13":{"start":{"line":36,"column":0},"end":{"line":36,"column":28}}},"fnMap":{"0":{"name":"(anonymous_0)","decl":{"start":{"line":6,"column":22},"end":{"line":6,"column":23}},"loc":{"start":{"line":6,"column":51},"end":{"line":34,"column":1}},"line":6}},"branchMap":{"0":{"loc":{"start":{"line":10,"column":26},"end":{"line":12,"column":55}},"type":"cond-expr","locations":[{"start":{"line":11,"column":6},"end":{"line":11,"column":11}},{"start":{"line":12,"column":6},"end":{"line":12,"column":55}}],"line":10},"1":{"loc":{"start":{"line":14,"column":2},"end":{"line":18,"column":3}},"type":"if","locations":[{"start":{"line":14,"column":2},"end":{"line":18,"column":3}},{"start":{},"end":{}}],"line":14},"2":{"loc":{"start":{"line":14,"column":8},"end":{"line":14,"column":31}},"type":"binary-expr","locations":[{"start":{"line":14,"column":8},"end":{"line":14,"column":12}},{"start":{"line":14,"column":16},"end":{"line":14,"column":31}}],"line":14}},"s":{"0":1,"1":1,"2":1,"3":1,"4":1,"5":0,"6":0,"7":0,"8":0,"9":0,"10":0,"11":0,"12":0,"13":1},"f":{"0":0},"b":{"0":[0,0],"1":[0,0],"2":[0,0]},"_coverageSchema":"1a1c01bbd47fc00a2c39e90264f33305004495a9","hash":"a38b244ee90002a0d2173213ac94de967f06ec85"}
,"C:\\Users\\Remes\\fs\\webbikalu\\controllers\\users.js": {"path":"C:\\Users\\Remes\\fs\\webbikalu\\controllers\\users.js","statementMap":{"0":{"start":{"line":1,"column":15},"end":{"line":1,"column":32}},"1":{"start":{"line":2,"column":20},"end":{"line":2,"column":47}},"2":{"start":{"line":3,"column":13},"end":{"line":3,"column":38}},"3":{"start":{"line":5,"column":0},"end":{"line":32,"column":4}},"4":{"start":{"line":6,"column":2},"end":{"line":31,"column":5}},"5":{"start":{"line":7,"column":41},"end":{"line":7,"column":53}},"6":{"start":{"line":9,"column":4},"end":{"line":11,"column":5}},"7":{"start":{"line":10,"column":6},"end":{"line":10,"column":73}},"8":{"start":{"line":12,"column":25},"end":{"line":12,"column":27}},"9":{"start":{"line":13,"column":27},"end":{"line":13,"column":66}},"10":{"start":{"line":15,"column":19},"end":{"line":19,"column":8}},"11":{"start":{"line":21,"column":27},"end":{"line":21,"column":59}},"12":{"start":{"line":22,"column":6},"end":{"line":24,"column":7}},"13":{"start":{"line":23,"column":8},"end":{"line":23,"column":80}},"14":{"start":{"line":26,"column":24},"end":{"line":26,"column":41}},"15":{"start":{"line":28,"column":6},"end":{"line":28,"column":42}},"16":{"start":{"line":30,"column":6},"end":{"line":30,"column":72}},"17":{"start":{"line":34,"column":0},"end":{"line":38,"column":2}},"18":{"start":{"line":35,"column":16},"end":{"line":36,"column":60}},"19":{"start":{"line":37,"column":2},"end":{"line":37,"column":22}},"20":{"start":{"line":40,"column":0},"end":{"line":40,"column":28}}},"fnMap":{"0":{"name":"(anonymous_0)","decl":{"start":{"line":5,"column":22},"end":{"line":5,"column":23}},"loc":{"start":{"line":5,"column":51},"end":{"line":32,"column":3}},"line":5},"1":{"name":"(anonymous_1)","decl":{"start":{"line":34,"column":21},"end":{"line":34,"column":22}},"loc":{"start":{"line":34,"column":50},"end":{"line":38,"column":1}},"line":34}},"branchMap":{"0":{"loc":{"start":{"line":9,"column":4},"end":{"line":11,"column":5}},"type":"if","locations":[{"start":{"line":9,"column":4},"end":{"line":11,"column":5}},{"start":{},"end":{}}],"line":9},"1":{"loc":{"start":{"line":22,"column":6},"end":{"line":24,"column":7}},"type":"if","locations":[{"start":{"line":22,"column":6},"end":{"line":24,"column":7}},{"start":{},"end":{}}],"line":22}},"s":{"0":1,"1":1,"2":1,"3":1,"4":2,"5":2,"6":2,"7":0,"8":2,"9":2,"10":2,"11":2,"12":2,"13":0,"14":2,"15":2,"16":0,"17":1,"18":0,"19":0,"20":1},"f":{"0":2,"1":0},"b":{"0":[0,2],"1":[0,2]},"_coverageSchema":"1a1c01bbd47fc00a2c39e90264f33305004495a9","hash":"fb4dc3c0786e8a330a827a8c1023280dc84f874b"}
,"C:\\Users\\Remes\\fs\\webbikalu\\models\\kappale.js": {"path":"C:\\Users\\Remes\\fs\\webbikalu\\models\\kappale.js","statementMap":{"0":{"start":{"line":1,"column":17},"end":{"line":1,"column":36}},"1":{"start":{"line":3,"column":22},"end":{"line":9,"column":2}},"2":{"start":{"line":11,"column":0},"end":{"line":17,"column":2}},"3":{"start":{"line":13,"column":2},"end":{"line":13,"column":51}},"4":{"start":{"line":14,"column":2},"end":{"line":14,"column":27}},"5":{"start":{"line":15,"column":2},"end":{"line":15,"column":27}},"6":{"start":{"line":21,"column":0},"end":{"line":21,"column":57}}},"fnMap":{"0":{"name":"(anonymous_0)","decl":{"start":{"line":12,"column":12},"end":{"line":12,"column":13}},"loc":{"start":{"line":12,"column":42},"end":{"line":16,"column":2}},"line":12}},"branchMap":{},"s":{"0":1,"1":1,"2":1,"3":0,"4":0,"5":0,"6":1},"f":{"0":0},"b":{},"_coverageSchema":"1a1c01bbd47fc00a2c39e90264f33305004495a9","hash":"e74b78933a593981c0b1f79aec7dc3ee43de107a"}
,"C:\\Users\\Remes\\fs\\webbikalu\\models\\user.js": {"path":"C:\\Users\\Remes\\fs\\webbikalu\\models\\user.js","statementMap":{"0":{"start":{"line":1,"column":17},"end":{"line":1,"column":36}},"1":{"start":{"line":2,"column":24},"end":{"line":2,"column":60}},"2":{"start":{"line":4,"column":19},"end":{"line":12,"column":2}},"3":{"start":{"line":14,"column":0},"end":{"line":14,"column":34}},"4":{"start":{"line":16,"column":0},"end":{"line":24,"column":2}},"5":{"start":{"line":18,"column":4},"end":{"line":18,"column":53}},"6":{"start":{"line":19,"column":4},"end":{"line":19,"column":29}},"7":{"start":{"line":20,"column":4},"end":{"line":20,"column":29}},"8":{"start":{"line":22,"column":4},"end":{"line":22,"column":38}},"9":{"start":{"line":26,"column":13},"end":{"line":26,"column":47}},"10":{"start":{"line":28,"column":0},"end":{"line":28,"column":21}}},"fnMap":{"0":{"name":"(anonymous_0)","decl":{"start":{"line":17,"column":13},"end":{"line":17,"column":14}},"loc":{"start":{"line":17,"column":43},"end":{"line":23,"column":3}},"line":17}},"branchMap":{},"s":{"0":1,"1":1,"2":1,"3":1,"4":1,"5":5,"6":5,"7":5,"8":5,"9":1,"10":1},"f":{"0":5},"b":{},"_coverageSchema":"1a1c01bbd47fc00a2c39e90264f33305004495a9","hash":"c8417288a957c5bdd59957a30bf11c437adaf916"}
,"C:\\Users\\Remes\\fs\\webbikalu\\tests\\test_helper.js": {"path":"C:\\Users\\Remes\\fs\\webbikalu\\tests\\test_helper.js","statementMap":{"0":{"start":{"line":1,"column":13},"end":{"line":1,"column":38}},"1":{"start":{"line":2,"column":18},"end":{"line":2,"column":46}},"2":{"start":{"line":4,"column":18},"end":{"line":7,"column":1}},"3":{"start":{"line":5,"column":16},"end":{"line":5,"column":35}},"4":{"start":{"line":6,"column":2},"end":{"line":6,"column":35}},"5":{"start":{"line":6,"column":24},"end":{"line":6,"column":34}},"6":{"start":{"line":9,"column":22},"end":{"line":12,"column":1}},"7":{"start":{"line":10,"column":20},"end":{"line":10,"column":44}},"8":{"start":{"line":11,"column":2},"end":{"line":11,"column":51}},"9":{"start":{"line":11,"column":34},"end":{"line":11,"column":50}},"10":{"start":{"line":14,"column":0},"end":{"line":17,"column":1}}},"fnMap":{"0":{"name":"(anonymous_0)","decl":{"start":{"line":4,"column":18},"end":{"line":4,"column":19}},"loc":{"start":{"line":4,"column":30},"end":{"line":7,"column":1}},"line":4},"1":{"name":"(anonymous_1)","decl":{"start":{"line":6,"column":19},"end":{"line":6,"column":20}},"loc":{"start":{"line":6,"column":24},"end":{"line":6,"column":34}},"line":6},"2":{"name":"(anonymous_2)","decl":{"start":{"line":9,"column":22},"end":{"line":9,"column":23}},"loc":{"start":{"line":9,"column":34},"end":{"line":12,"column":1}},"line":9},"3":{"name":"(anonymous_3)","decl":{"start":{"line":11,"column":23},"end":{"line":11,"column":24}},"loc":{"start":{"line":11,"column":34},"end":{"line":11,"column":50}},"line":11}},"branchMap":{},"s":{"0":1,"1":1,"2":1,"3":2,"4":2,"5":3,"6":1,"7":1,"8":1,"9":12,"10":1},"f":{"0":2,"1":3,"2":1,"3":12},"b":{},"_coverageSchema":"1a1c01bbd47fc00a2c39e90264f33305004495a9","hash":"2ddd000fc7c3d645a3f4431aa3cc9785f731c556"}
,"C:\\Users\\Remes\\fs\\webbikalu\\utils\\config.js": {"path":"C:\\Users\\Remes\\fs\\webbikalu\\utils\\config.js","statementMap":{"0":{"start":{"line":1,"column":0},"end":{"line":1,"column":26}},"1":{"start":{"line":3,"column":11},"end":{"line":3,"column":27}},"2":{"start":{"line":4,"column":20},"end":{"line":6,"column":26}},"3":{"start":{"line":8,"column":0},"end":{"line":11,"column":1}}},"fnMap":{},"branchMap":{"0":{"loc":{"start":{"line":4,"column":20},"end":{"line":6,"column":26}},"type":"cond-expr","locations":[{"start":{"line":5,"column":3},"end":{"line":5,"column":31}},{"start":{"line":6,"column":3},"end":{"line":6,"column":26}}],"line":4}},"s":{"0":1,"1":1,"2":1,"3":1},"f":{},"b":{"0":[1,0]},"_coverageSchema":"1a1c01bbd47fc00a2c39e90264f33305004495a9","hash":"268da6a1a60c79e87a933788f4e4a268642e6276"}
,"C:\\Users\\Remes\\fs\\webbikalu\\utils\\logger.js": {"path":"C:\\Users\\Remes\\fs\\webbikalu\\utils\\logger.js","statementMap":{"0":{"start":{"line":1,"column":13},"end":{"line":5,"column":1}},"1":{"start":{"line":2,"column":2},"end":{"line":4,"column":3}},"2":{"start":{"line":3,"column":4},"end":{"line":3,"column":26}},"3":{"start":{"line":7,"column":14},"end":{"line":11,"column":1}},"4":{"start":{"line":8,"column":2},"end":{"line":10,"column":3}},"5":{"start":{"line":9,"column":4},"end":{"line":9,"column":28}},"6":{"start":{"line":12,"column":0},"end":{"line":14,"column":1}}},"fnMap":{"0":{"name":"(anonymous_0)","decl":{"start":{"line":1,"column":13},"end":{"line":1,"column":14}},"loc":{"start":{"line":1,"column":28},"end":{"line":5,"column":1}},"line":1},"1":{"name":"(anonymous_1)","decl":{"start":{"line":7,"column":14},"end":{"line":7,"column":15}},"loc":{"start":{"line":7,"column":29},"end":{"line":11,"column":1}},"line":7}},"branchMap":{"0":{"loc":{"start":{"line":2,"column":2},"end":{"line":4,"column":3}},"type":"if","locations":[{"start":{"line":2,"column":2},"end":{"line":4,"column":3}},{"start":{},"end":{}}],"line":2},"1":{"loc":{"start":{"line":8,"column":2},"end":{"line":10,"column":3}},"type":"if","locations":[{"start":{"line":8,"column":2},"end":{"line":10,"column":3}},{"start":{},"end":{}}],"line":8}},"s":{"0":1,"1":12,"2":0,"3":1,"4":0,"5":0,"6":1},"f":{"0":12,"1":0},"b":{"0":[0,12],"1":[0,0]},"_coverageSchema":"1a1c01bbd47fc00a2c39e90264f33305004495a9","hash":"8a68572e1d6e362937c11eb02a422c714b896517"}
,"C:\\Users\\Remes\\fs\\webbikalu\\utils\\middleware.js": {"path":"C:\\Users\\Remes\\fs\\webbikalu\\utils\\middleware.js","statementMap":{"0":{"start":{"line":1,"column":15},"end":{"line":1,"column":34}},"1":{"start":{"line":3,"column":23},"end":{"line":13,"column":1}},"2":{"start":{"line":4,"column":23},"end":{"line":4,"column":51}},"3":{"start":{"line":5,"column":2},"end":{"line":5,"column":28}},"4":{"start":{"line":6,"column":1},"end":{"line":10,"column":3}},"5":{"start":{"line":7,"column":2},"end":{"line":7,"column":54}},"6":{"start":{"line":9,"column":2},"end":{"line":9,"column":22}},"7":{"start":{"line":11,"column":2},"end":{"line":11,"column":33}},"8":{"start":{"line":12,"column":2},"end":{"line":12,"column":22}},"9":{"start":{"line":18,"column":22},"end":{"line":24,"column":1}},"10":{"start":{"line":19,"column":2},"end":{"line":19,"column":40}},"11":{"start":{"line":20,"column":2},"end":{"line":20,"column":38}},"12":{"start":{"line":21,"column":2},"end":{"line":21,"column":38}},"13":{"start":{"line":22,"column":2},"end":{"line":22,"column":20}},"14":{"start":{"line":23,"column":2},"end":{"line":23,"column":8}},"15":{"start":{"line":26,"column":24},"end":{"line":28,"column":1}},"16":{"start":{"line":27,"column":2},"end":{"line":27,"column":62}},"17":{"start":{"line":30,"column":21},"end":{"line":46,"column":1}},"18":{"start":{"line":31,"column":2},"end":{"line":31,"column":29}},"19":{"start":{"line":33,"column":2},"end":{"line":44,"column":3}},"20":{"start":{"line":34,"column":4},"end":{"line":34,"column":66}},"21":{"start":{"line":35,"column":9},"end":{"line":44,"column":3}},"22":{"start":{"line":36,"column":4},"end":{"line":36,"column":62}},"23":{"start":{"line":37,"column":9},"end":{"line":44,"column":3}},"24":{"start":{"line":38,"column":4},"end":{"line":38,"column":62}},"25":{"start":{"line":40,"column":7},"end":{"line":44,"column":3}},"26":{"start":{"line":41,"column":4},"end":{"line":43,"column":6}},"27":{"start":{"line":45,"column":2},"end":{"line":45,"column":13}},"28":{"start":{"line":48,"column":0},"end":{"line":53,"column":1}}},"fnMap":{"0":{"name":"(anonymous_0)","decl":{"start":{"line":3,"column":23},"end":{"line":3,"column":24}},"loc":{"start":{"line":3,"column":52},"end":{"line":13,"column":1}},"line":3},"1":{"name":"(anonymous_1)","decl":{"start":{"line":18,"column":22},"end":{"line":18,"column":23}},"loc":{"start":{"line":18,"column":51},"end":{"line":24,"column":1}},"line":18},"2":{"name":"(anonymous_2)","decl":{"start":{"line":26,"column":24},"end":{"line":26,"column":25}},"loc":{"start":{"line":26,"column":47},"end":{"line":28,"column":1}},"line":26},"3":{"name":"(anonymous_3)","decl":{"start":{"line":30,"column":21},"end":{"line":30,"column":22}},"loc":{"start":{"line":30,"column":57},"end":{"line":46,"column":1}},"line":30}},"branchMap":{"0":{"loc":{"start":{"line":6,"column":1},"end":{"line":10,"column":3}},"type":"if","locations":[{"start":{"line":6,"column":1},"end":{"line":10,"column":3}},{"start":{"line":8,"column":7},"end":{"line":10,"column":3}}],"line":6},"1":{"loc":{"start":{"line":6,"column":5},"end":{"line":6,"column":57}},"type":"binary-expr","locations":[{"start":{"line":6,"column":5},"end":{"line":6,"column":18}},{"start":{"line":6,"column":22},"end":{"line":6,"column":57}}],"line":6},"2":{"loc":{"start":{"line":33,"column":2},"end":{"line":44,"column":3}},"type":"if","locations":[{"start":{"line":33,"column":2},"end":{"line":44,"column":3}},{"start":{"line":35,"column":9},"end":{"line":44,"column":3}}],"line":33},"3":{"loc":{"start":{"line":35,"column":9},"end":{"line":44,"column":3}},"type":"if","locations":[{"start":{"line":35,"column":9},"end":{"line":44,"column":3}},{"start":{"line":37,"column":9},"end":{"line":44,"column":3}}],"line":35},"4":{"loc":{"start":{"line":37,"column":9},"end":{"line":44,"column":3}},"type":"if","locations":[{"start":{"line":37,"column":9},"end":{"line":44,"column":3}},{"start":{"line":40,"column":7},"end":{"line":44,"column":3}}],"line":37},"5":{"loc":{"start":{"line":40,"column":7},"end":{"line":44,"column":3}},"type":"if","locations":[{"start":{"line":40,"column":7},"end":{"line":44,"column":3}},{"start":{},"end":{}}],"line":40}},"s":{"0":1,"1":1,"2":0,"3":0,"4":0,"5":0,"6":0,"7":0,"8":0,"9":1,"10":3,"11":3,"12":3,"13":3,"14":3,"15":1,"16":0,"17":1,"18":0,"19":0,"20":0,"21":0,"22":0,"23":0,"24":0,"25":0,"26":0,"27":0,"28":1},"f":{"0":0,"1":3,"2":0,"3":0},"b":{"0":[0,0],"1":[0,0],"2":[0,0],"3":[0,0],"4":[0,0],"5":[0,0]},"_coverageSchema":"1a1c01bbd47fc00a2c39e90264f33305004495a9","hash":"a2619aab9393f1510542a742210b7d768a5b1f17"}
}
